The system is: Windows - 10.0.19042 - AMD64
Compiling the C compiler identification source file "CMakeCCompilerId.c" succeeded.
Compiler: C:/MinGW/bin/gcc.exe 
Build flags: 
Id flags:  

The output was:
0


Compilation of the C compiler identification source "CMakeCCompilerId.c" produced "a.exe"

The C compiler identification is GNU, found in "D:/Dysk Google/NAUKA/KODOWANIE/.GitHub Repositories/Isnt-CPP-just-a-D/2nd semester/Exercise6_Inheritance/cmake-build-debug/CMakeFiles/3.19.2/CompilerIdC/a.exe"

Compiling the CXX compiler identification source file "CMakeCXXCompilerId.cpp" succeeded.
Compiler: C:/MinGW/bin/g++.exe 
Build flags: 
Id flags:  

The output was:
0


Compilation of the CXX compiler identification source "CMakeCXXCompilerId.cpp" produced "a.exe"

Compiling the CXX compiler identification source file "CMakeCXXCompilerId.cpp" succeeded.
Compiler: C:/MinGW/bin/g++.exe 
Build flags: 
Id flags: -c 

The output was:
0


Compilation of the CXX compiler identification source "CMakeCXXCompilerId.cpp" produced "CMakeCXXCompilerId.o"

The CXX compiler identification is GNU, found in "D:/Dysk Google/NAUKA/KODOWANIE/.GitHub Repositories/Isnt-CPP-just-a-D/2nd semester/Exercise6_Inheritance/cmake-build-debug/CMakeFiles/3.19.2/CompilerIdCXX/CMakeCXXCompilerId.o"

Determining if the C compiler works passed with the following output:
Change Dir: D:/Dysk Google/NAUKA/KODOWANIE/.GitHub Repositories/Isnt-CPP-just-a-D/2nd semester/Exercise6_Inheritance/cmake-build-debug/CMakeFiles/CMakeTmp

Run Build Command(s):C:/MinGW/bin/mingw32-make.exe cmTC_223e7/fast && C:/MinGW/bin/mingw32-make.exe  -f CMakeFiles\cmTC_223e7.dir\build.make CMakeFiles/cmTC_223e7.dir/build
mingw32-make.exe[1]: Entering directory 'D:/Dysk Google/NAUKA/KODOWANIE/.GitHub Repositories/Isnt-CPP-just-a-D/2nd semester/Exercise6_Inheritance/cmake-build-debug/CMakeFiles/CMakeTmp'
Building C object CMakeFiles/cmTC_223e7.dir/testCCompiler.c.obj
C:\MinGW\bin\gcc.exe    -o CMakeFiles\cmTC_223e7.dir\testCCompiler.c.obj -c "D:\Dysk Google\NAUKA\KODOWANIE\.GitHub Repositories\Isnt-CPP-just-a-D\2nd semester\Exercise6_Inheritance\cmake-build-debug\CMakeFiles\CMakeTmp\testCCompiler.c"
Linking C executable cmTC_223e7.exe
"D:\Programy\Jetbrain Toolbox\apps\CLion\ch-0\211.6693.114\bin\cmake\win\bin\cmake.exe" -E cmake_link_script CMakeFiles\cmTC_223e7.dir\link.txt --verbose=1
"D:\Programy\Jetbrain Toolbox\apps\CLion\ch-0\211.6693.114\bin\cmake\win\bin\cmake.exe" -E rm -f CMakeFiles\cmTC_223e7.dir/objects.a
C:\MinGW\bin\ar.exe cr CMakeFiles\cmTC_223e7.dir/objects.a @CMakeFiles\cmTC_223e7.dir\objects1.rsp
C:\MinGW\bin\gcc.exe -Wl,--whole-archive CMakeFiles\cmTC_223e7.dir/objects.a -Wl,--no-whole-archive -o cmTC_223e7.exe -Wl,--out-implib,libcmTC_223e7.dll.a -Wl,--major-image-version,0,--minor-image-version,0 @CMakeFiles\cmTC_223e7.dir\linklibs.rsp
mingw32-make.exe[1]: Leaving directory 'D:/Dysk Google/NAUKA/KODOWANIE/.GitHub Repositories/Isnt-CPP-just-a-D/2nd semester/Exercise6_Inheritance/cmake-build-debug/CMakeFiles/CMakeTmp'



Determining if the CXX compiler works passed with the following output:
Change Dir: D:/Dysk Google/NAUKA/KODOWANIE/.GitHub Repositories/Isnt-CPP-just-a-D/2nd semester/Exercise6_Inheritance/cmake-build-debug/CMakeFiles/CMakeTmp

Run Build Command(s):C:/MinGW/bin/mingw32-make.exe cmTC_8ee8a/fast && C:/MinGW/bin/mingw32-make.exe  -f CMakeFiles\cmTC_8ee8a.dir\build.make CMakeFiles/cmTC_8ee8a.dir/build
mingw32-make.exe[1]: Entering directory 'D:/Dysk Google/NAUKA/KODOWANIE/.GitHub Repositories/Isnt-CPP-just-a-D/2nd semester/Exercise6_Inheritance/cmake-build-debug/CMakeFiles/CMakeTmp'
Building CXX object CMakeFiles/cmTC_8ee8a.dir/testCXXCompiler.cxx.obj
C:\MinGW\bin\g++.exe    -o CMakeFiles\cmTC_8ee8a.dir\testCXXCompiler.cxx.obj -c "D:\Dysk Google\NAUKA\KODOWANIE\.GitHub Repositories\Isnt-CPP-just-a-D\2nd semester\Exercise6_Inheritance\cmake-build-debug\CMakeFiles\CMakeTmp\testCXXCompiler.cxx"
Linking CXX executable cmTC_8ee8a.exe
"D:\Programy\Jetbrain Toolbox\apps\CLion\ch-0\211.6693.114\bin\cmake\win\bin\cmake.exe" -E cmake_link_script CMakeFiles\cmTC_8ee8a.dir\link.txt --verbose=1
"D:\Programy\Jetbrain Toolbox\apps\CLion\ch-0\211.6693.114\bin\cmake\win\bin\cmake.exe" -E rm -f CMakeFiles\cmTC_8ee8a.dir/objects.a
C:\MinGW\bin\ar.exe cr CMakeFiles\cmTC_8ee8a.dir/objects.a @CMakeFiles\cmTC_8ee8a.dir\objects1.rsp
C:\MinGW\bin\g++.exe -Wl,--whole-archive CMakeFiles\cmTC_8ee8a.dir/objects.a -Wl,--no-whole-archive -o cmTC_8ee8a.exe -Wl,--out-implib,libcmTC_8ee8a.dll.a -Wl,--major-image-version,0,--minor-image-version,0 @CMakeFiles\cmTC_8ee8a.dir\linklibs.rsp
mingw32-make.exe[1]: Leaving directory 'D:/Dysk Google/NAUKA/KODOWANIE/.GitHub Repositories/Isnt-CPP-just-a-D/2nd semester/Exercise6_Inheritance/cmake-build-debug/CMakeFiles/CMakeTmp'



